total 26
-rw-r--r-- 1 Hannah 197121  128 Nov  6 04:06 Comments.sh
-rw-r--r-- 1 Hannah 197121  229 Nov  9 18:57 conditionals.sh
-rw-r--r-- 1 Hannah 197121   50 Nov 12 04:43 file.err
-rw-r--r-- 1 Hannah 197121    0 Nov 12 04:43 file.out
-rw-r--r-- 1 Hannah 197121 1212 Nov 12 04:43 file.txt
-rw-r--r-- 1 Hannah 197121  112 Nov 10 12:29 forloop.sh
-rwxr-xr-x 1 Hannah 197121   31 Oct 30 03:38 helloworld.sh
-rw-r--r-- 1 Hannah 197121  771 Nov 11 13:26 myout.txt
-rw-r--r-- 1 Hannah 197121  397 Nov 11 12:53 numbers_arithmatics.sh
-rw-r--r-- 1 Hannah 197121   95 Nov 12 04:42 output_error.sh
-rw-r--r-- 1 Hannah 197121   14 Nov 12 04:42 output_error1.sh
-rw-r--r-- 1 Hannah 197121   17 Oct 30 03:43 path.sh
-rw-r--r-- 1 Hannah 197121   42 Oct 30 03:39 README.md
-rw-r--r-- 1 Hannah 197121   54 Nov 11 13:26 redirect_file.sh
-rw-r--r-- 1 Hannah 197121   78 Nov 11 21:38 stdio.sh
-rw-r--r-- 1 Hannah 197121   59 Nov 11 21:41 stdio_file.sh
-rw-r--r-- 1 Hannah 197121  136 Nov 11 21:44 stdio_file2.sh
-rw-r--r-- 1 Hannah 197121  180 Nov 11 12:36 string_processing.sh
-rw-r--r-- 1 Hannah 197121   50 Nov 10 12:48 untilloop.sh
-rw-r--r-- 1 Hannah 197121   93 Nov  6 03:58 variables.sh
-rw-r--r-- 1 Hannah 197121  227 Nov 10 12:55 whileloop.sh
output_error1.sh: line 3: lsl: command not found
